<?xml version="1.0" encoding="UTF-8"?>
<!-- Generated by org.testng.reporters.JUnitXMLReporter -->
<testsuite hostname="LAPTOP-GM12SP9B" ignored="0" name="Chrome Test" tests="4" failures="0" timestamp="23 Aug 2022 07:49:03 GMT" time="24.424" errors="0">
  <testcase name="verifyLogout" time="0.177" classname="com.SauceDemo.TestClass.TC002VerifyLogOutFunct"/>
  <testcase name="VerifyMultipleProductAddtoCart" time="0.373" classname="com.SauceDemo.TestClass.TC004VerifyTheMultipleProductAddToCartFunctionality"/>
  <testcase name="verifyLogin" time="0.008" classname="com.SauceDemo.TestClass.TC001VerifyLoginActivity"/>
  <testcase name="AddtoBagProduct" time="0.141" classname="com.SauceDemo.TestClass.TC003VerifyTheBagProductADDtoCartFunctionality"/>
</testsuite> <!-- Chrome Test -->
