<?xml version="1.0" encoding="UTF-8"?>
<!-- Generated by org.testng.reporters.JUnitXMLReporter -->
<testsuite hostname="LAPTOP-GM12SP9B" ignored="0" name="FireFox Test" tests="4" failures="0" timestamp="23 Aug 2022 07:49:22 GMT" time="19.017" errors="0">
  <testcase name="verifyLogout" time="0.247" classname="com.SauceDemo.TestClass.TC002VerifyLogOutFunct"/>
  <testcase name="VerifyMultipleProductAddtoCart" time="0.439" classname="com.SauceDemo.TestClass.TC004VerifyTheMultipleProductAddToCartFunctionality"/>
  <testcase name="verifyLogin" time="0.008" classname="com.SauceDemo.TestClass.TC001VerifyLoginActivity"/>
  <testcase name="AddtoBagProduct" time="0.11" classname="com.SauceDemo.TestClass.TC003VerifyTheBagProductADDtoCartFunctionality"/>
</testsuite> <!-- FireFox Test -->
