<?xml version="1.0" encoding="UTF-8"?>
<!-- Generated by org.testng.reporters.JUnitXMLReporter -->
<testsuite hostname="LAPTOP-GM12SP9B" ignored="0" name="Test" tests="4" failures="0" timestamp="09 Aug 2022 04:48:58 GMT" time="15.582" errors="0">
  <testcase name="verifyLogout" time="0.251" classname="com.SauceDemo.TestClass.TC002VerifyLogOutFunct"/>
  <testcase name="VerifyMultipleProductAddtoCart" time="0.268" classname="com.SauceDemo.TestClass.TC004VerifyTheMultipleProductAddToCartFunctionality"/>
  <testcase name="verifyLogin" time="0.017" classname="com.SauceDemo.TestClass.TC001VerifyLoginActivity"/>
  <testcase name="AddtoBagProduct" time="0.128" classname="com.SauceDemo.TestClass.TC003VerifyTheBagProductADDtoCartFunctionality"/>
</testsuite> <!-- Test -->
