<?xml version="1.0" encoding="UTF-8"?>
<testng-results skipped="0" failed="0" ignored="0" total="2" passed="2">
  <reporter-output>
  </reporter-output>
  <suite name=" Regression Suite" duration-ms="9654" started-at="2022-08-23T08:07:43Z" finished-at="2022-08-23T08:07:53Z">
    <groups>
    </groups>
    <test name="Test" duration-ms="9654" started-at="2022-08-23T08:07:43Z" finished-at="2022-08-23T08:07:53Z">
      <class name="com.SauceDemo.TestClass.TC002VerifyLogOutFunct">
        <test-method status="PASS" signature="Setup()[pri:0, instance:com.SauceDemo.TestClass.TC002VerifyLogOutFunct@4c70fda8]" name="Setup" is-config="true" duration-ms="4598" started-at="2022-08-23T08:07:43Z" finished-at="2022-08-23T08:07:48Z">
          <reporter-output>
          </reporter-output>
        </test-method> <!-- Setup -->
        <test-method status="PASS" signature="verifyLogout()[pri:0, instance:com.SauceDemo.TestClass.TC002VerifyLogOutFunct@4c70fda8]" name="verifyLogout" duration-ms="204" started-at="2022-08-23T08:07:48Z" finished-at="2022-08-23T08:07:48Z">
          <reporter-output>
          </reporter-output>
        </test-method> <!-- verifyLogout -->
        <test-method status="PASS" signature="tearDown()[pri:0, instance:com.SauceDemo.TestClass.TC002VerifyLogOutFunct@4c70fda8]" name="tearDown" is-config="true" duration-ms="701" started-at="2022-08-23T08:07:48Z" finished-at="2022-08-23T08:07:49Z">
          <reporter-output>
          </reporter-output>
        </test-method> <!-- tearDown -->
      </class> <!-- com.SauceDemo.TestClass.TC002VerifyLogOutFunct -->
      <class name="com.SauceDemo.TestClass.TC001VerifyLoginActivity">
        <test-method status="PASS" signature="Setup()[pri:0, instance:com.SauceDemo.TestClass.TC001VerifyLoginActivity@224edc67]" name="Setup" is-config="true" duration-ms="3450" started-at="2022-08-23T08:07:49Z" finished-at="2022-08-23T08:07:52Z">
          <reporter-output>
          </reporter-output>
        </test-method> <!-- Setup -->
        <test-method status="PASS" signature="verifyLogin()[pri:0, instance:com.SauceDemo.TestClass.TC001VerifyLoginActivity@224edc67]" name="verifyLogin" duration-ms="9" started-at="2022-08-23T08:07:52Z" finished-at="2022-08-23T08:07:52Z">
          <reporter-output>
          </reporter-output>
        </test-method> <!-- verifyLogin -->
        <test-method status="PASS" signature="tearDown()[pri:0, instance:com.SauceDemo.TestClass.TC001VerifyLoginActivity@224edc67]" name="tearDown" is-config="true" duration-ms="662" started-at="2022-08-23T08:07:52Z" finished-at="2022-08-23T08:07:53Z">
          <reporter-output>
          </reporter-output>
        </test-method> <!-- tearDown -->
      </class> <!-- com.SauceDemo.TestClass.TC001VerifyLoginActivity -->
    </test> <!-- Test -->
  </suite> <!--  Regression Suite -->
</testng-results>
